

#
# Fatal process out of memory: Re-embedded builtins: set permissions
#
----- Native stack trace -----

 1: 00007FF75B52D52D 
 2: 00007FF75C97C206 
 3: 00007FF75C21DA56 
 4: 00007FF75C084B3E 
 5: 00007FF75C0B804F 
 6: 00007FF75C0B8B02 
 7: 00007FF75C0B94E2 
 8: 00007FF75BBB6C33 
 9: 00007FF75C248C36 
10: 00007FF75B6E366D 
11: 00007FF75B443DA4 
12: 00007FF75B443139 
13: 00007FF75B44D020 
14: 00007FF75C272DE6 
15: 00007FF75D4B4173 
16: 00007FFF2D9FE8D7 BaseThreadInitThunk+23
17: 00007FFF2E92C3FC RtlUserThreadStart+44
^C